<?xml version="1.0" encoding="UTF-8"?>
<testsuite xmlns:xsi="http://www.w3.org/2001/XMLSchema-instance" xsi:noNamespaceSchemaLocation="https://maven.apache.org/surefire/maven-surefire-plugin/xsd/surefire-test-report.xsd" name="edu.eci.cvds.tdd.registry.RegistryTest" time="0.059" tests="17" errors="0" skipped="0" failures="0">
  <properties>
[...]
</properties>
  <testcase name="given_Id_When_IsLargerThan10_Then_Invalid" classname="edu.eci.cvds.tdd.registry.RegistryTest" time="0.013"/>
  <testcase name="given_Age_When_IsLessThan18_Then_Underage" classname="edu.eci.cvds.tdd.registry.RegistryTest" time="0.003"/>
  <testcase name="given_name_when_isValid" classname="edu.eci.cvds.tdd.registry.RegistryTest" time="0.001"/>
  <testcase name="given_Gender_UNIDENTIFIED" classname="edu.eci.cvds.tdd.registry.RegistryTest" time="0.001"/>
  <testcase name="given_Alive_When_IsFalse_Then_Dead" classname="edu.eci.cvds.tdd.registry.RegistryTest" time="0.001"/>
  <testcase name="given_Alive_When_IsTrue_Then_Valid" classname="edu.eci.cvds.tdd.registry.RegistryTest" time="0.001"/>
  <testcase name="given_name_when_longitud_IsLessThan1_then_inValid" classname="edu.eci.cvds.tdd.registry.RegistryTest" time="0.001"/>
  <testcase name="given_Age_When_IsZero_Then_InvalidAge" classname="edu.eci.cvds.tdd.registry.RegistryTest" time="0.001"/>
  <testcase name="given_Alive_When_PersonIsNull_Then_Invalid" classname="edu.eci.cvds.tdd.registry.RegistryTest" time="0.001"/>
  <testcase name="given_Age_When_IsGreaterThan18_Then_Valid" classname="edu.eci.cvds.tdd.registry.RegistryTest" time="0"/>
  <testcase name="given_Age_When_IsGreaterThan110_Then_InvalidAge" classname="edu.eci.cvds.tdd.registry.RegistryTest" time="0.002"/>
  <testcase name="given_Id_When_IsInBetween6And10_Then_Valid" classname="edu.eci.cvds.tdd.registry.RegistryTest" time="0.001"/>
  <testcase name="given_Age_When_IsLessThanZero_Then_InvalidAge" classname="edu.eci.cvds.tdd.registry.RegistryTest" time="0.001"/>
  <testcase name="given_name_when_longitud_IsGreaterThan30_then_inValid" classname="edu.eci.cvds.tdd.registry.RegistryTest" time="0.009"/>
  <testcase name="given_Gender_FEMALE" classname="edu.eci.cvds.tdd.registry.RegistryTest" time="0.007"/>
  <testcase name="given_Gender_MALE" classname="edu.eci.cvds.tdd.registry.RegistryTest" time="0.005"/>
  <testcase name="given_Id_When_IsSmallerThan6_Then_Invalid" classname="edu.eci.cvds.tdd.registry.RegistryTest" time="0.001"/>
</testsuite>